<?xml version="1.0" encoding="UTF-8"?>
<testsuite xmlns:xsi="http://www.w3.org/2001/XMLSchema-instance" xsi:noNamespaceSchemaLocation="https://maven.apache.org/surefire/maven-surefire-plugin/xsd/surefire-test-report.xsd" version="3.0.2" name="com.example.biblioteca.UsuarioServiceTest" time="0.096" tests="4" errors="0" skipped="0" failures="0">
  <properties>
[...]
</properties>
  <testcase name="testEliminarUsuario" classname="com.example.biblioteca.UsuarioServiceTest" time="0.025">
    <system-out><![CDATA[2025-12-04T11:25:25.488-05:00  INFO 15872 --- [biblioteca] [           main] t.c.s.AnnotationConfigContextLoaderUtils : Could not detect default configuration classes for test class [com.example.biblioteca.UsuarioServiceTest]: UsuarioServiceTest does not declare any static, non-private, non-final, nested classes annotated with @Configuration.
2025-12-04T11:25:25.491-05:00  INFO 15872 --- [biblioteca] [           main] .b.t.c.SpringBootTestContextBootstrapper : Found @SpringBootConfiguration com.example.biblioteca.BibliotecaApplication for test class com.example.biblioteca.UsuarioServiceTest
Hibernate: select u1_0.id,u1_0.apellido,u1_0.cedula,u1_0.email,u1_0.activo,u1_0.nombre,u1_0.password,u1_0.rol,u1_0.telefono,p1_0.usuario_id,p1_0.id,p1_0.estado,p1_0.fecha_adquisicion,p1_0.fecha_devolucion,p1_0.fecha_devolucion_real,rb1_0.codigo_de_barras,rb1_0.calificacion,rb1_0.categoria,rb1_0.coleccion,rb1_0.comentarios,rb1_0.contenido,rb1_0.descripcion,rb1_0.estado,rb1_0.estado_fisico,rb1_0.estante,rb1_0.idioma,rb1_0.isbn,rb1_0.localizacion,rb1_0.notas,rb1_0.publicacion,rb1_0.resumen,rb1_0.signatura_tipografica,rb1_0.tema,rb1_0.tipo_de_publicacion,rb1_0.titulo,p1_0.vencido from usuario u1_0 left join prestamo p1_0 on u1_0.id=p1_0.usuario_id left join recurso_bibliografico rb1_0 on rb1_0.codigo_de_barras=p1_0.recurso_bibliografico_codigo where u1_0.id=?
Hibernate: select u1_0.id,u1_0.apellido,u1_0.cedula,u1_0.email,u1_0.activo,u1_0.nombre,u1_0.password,u1_0.rol,u1_0.telefono,p1_0.usuario_id,p1_0.id,p1_0.estado,p1_0.fecha_adquisicion,p1_0.fecha_devolucion,p1_0.fecha_devolucion_real,rb1_0.codigo_de_barras,rb1_0.calificacion,rb1_0.categoria,rb1_0.coleccion,rb1_0.comentarios,rb1_0.contenido,rb1_0.descripcion,rb1_0.estado,rb1_0.estado_fisico,rb1_0.estante,rb1_0.idioma,rb1_0.isbn,rb1_0.localizacion,rb1_0.notas,rb1_0.publicacion,rb1_0.resumen,rb1_0.signatura_tipografica,rb1_0.tema,rb1_0.tipo_de_publicacion,rb1_0.titulo,p1_0.vencido from usuario u1_0 left join prestamo p1_0 on u1_0.id=p1_0.usuario_id left join recurso_bibliografico rb1_0 on rb1_0.codigo_de_barras=p1_0.recurso_bibliografico_codigo where u1_0.id=?
Hibernate: select u1_0.id,u1_0.apellido,u1_0.cedula,u1_0.email,u1_0.activo,u1_0.nombre,u1_0.password,u1_0.rol,u1_0.telefono,p1_0.usuario_id,p1_0.id,p1_0.estado,p1_0.fecha_adquisicion,p1_0.fecha_devolucion,p1_0.fecha_devolucion_real,rb1_0.codigo_de_barras,rb1_0.calificacion,rb1_0.categoria,rb1_0.coleccion,rb1_0.comentarios,rb1_0.contenido,rb1_0.descripcion,rb1_0.estado,rb1_0.estado_fisico,rb1_0.estante,rb1_0.idioma,rb1_0.isbn,rb1_0.localizacion,rb1_0.notas,rb1_0.publicacion,rb1_0.resumen,rb1_0.signatura_tipografica,rb1_0.tema,rb1_0.tipo_de_publicacion,rb1_0.titulo,p1_0.vencido from usuario u1_0 left join prestamo p1_0 on u1_0.id=p1_0.usuario_id left join recurso_bibliografico rb1_0 on rb1_0.codigo_de_barras=p1_0.recurso_bibliografico_codigo where u1_0.id=?
Hibernate: select u1_0.id,u1_0.apellido,u1_0.cedula,u1_0.email,u1_0.activo,u1_0.nombre,u1_0.password,u1_0.rol,u1_0.telefono,p1_0.usuario_id,p1_0.id,p1_0.estado,p1_0.fecha_adquisicion,p1_0.fecha_devolucion,p1_0.fecha_devolucion_real,rb1_0.codigo_de_barras,rb1_0.calificacion,rb1_0.categoria,rb1_0.coleccion,rb1_0.comentarios,rb1_0.contenido,rb1_0.descripcion,rb1_0.estado,rb1_0.estado_fisico,rb1_0.estante,rb1_0.idioma,rb1_0.isbn,rb1_0.localizacion,rb1_0.notas,rb1_0.publicacion,rb1_0.resumen,rb1_0.signatura_tipografica,rb1_0.tema,rb1_0.tipo_de_publicacion,rb1_0.titulo,p1_0.vencido from usuario u1_0 left join prestamo p1_0 on u1_0.id=p1_0.usuario_id left join recurso_bibliografico rb1_0 on rb1_0.codigo_de_barras=p1_0.recurso_bibliografico_codigo where u1_0.id=?
Hibernate: select u1_0.id,u1_0.apellido,u1_0.cedula,u1_0.email,u1_0.activo,u1_0.nombre,u1_0.password,u1_0.rol,u1_0.telefono,p1_0.usuario_id,p1_0.id,p1_0.estado,p1_0.fecha_adquisicion,p1_0.fecha_devolucion,p1_0.fecha_devolucion_real,rb1_0.codigo_de_barras,rb1_0.calificacion,rb1_0.categoria,rb1_0.coleccion,rb1_0.comentarios,rb1_0.contenido,rb1_0.descripcion,rb1_0.estado,rb1_0.estado_fisico,rb1_0.estante,rb1_0.idioma,rb1_0.isbn,rb1_0.localizacion,rb1_0.notas,rb1_0.publicacion,rb1_0.resumen,rb1_0.signatura_tipografica,rb1_0.tema,rb1_0.tipo_de_publicacion,rb1_0.titulo,p1_0.vencido from usuario u1_0 left join prestamo p1_0 on u1_0.id=p1_0.usuario_id left join recurso_bibliografico rb1_0 on rb1_0.codigo_de_barras=p1_0.recurso_bibliografico_codigo where u1_0.id=?
]]></system-out>
  </testcase>
  <testcase name="buscarUsuarioPorId" classname="com.example.biblioteca.UsuarioServiceTest" time="0.02">
    <system-out><![CDATA[Hibernate: select u1_0.id,u1_0.apellido,u1_0.cedula,u1_0.email,u1_0.activo,u1_0.nombre,u1_0.password,u1_0.rol,u1_0.telefono,p1_0.usuario_id,p1_0.id,p1_0.estado,p1_0.fecha_adquisicion,p1_0.fecha_devolucion,p1_0.fecha_devolucion_real,rb1_0.codigo_de_barras,rb1_0.calificacion,rb1_0.categoria,rb1_0.coleccion,rb1_0.comentarios,rb1_0.contenido,rb1_0.descripcion,rb1_0.estado,rb1_0.estado_fisico,rb1_0.estante,rb1_0.idioma,rb1_0.isbn,rb1_0.localizacion,rb1_0.notas,rb1_0.publicacion,rb1_0.resumen,rb1_0.signatura_tipografica,rb1_0.tema,rb1_0.tipo_de_publicacion,rb1_0.titulo,p1_0.vencido from usuario u1_0 left join prestamo p1_0 on u1_0.id=p1_0.usuario_id left join recurso_bibliografico rb1_0 on rb1_0.codigo_de_barras=p1_0.recurso_bibliografico_codigo where u1_0.id=?
Hibernate: select u1_0.id,u1_0.apellido,u1_0.cedula,u1_0.email,u1_0.activo,u1_0.nombre,u1_0.password,u1_0.rol,u1_0.telefono,p1_0.usuario_id,p1_0.id,p1_0.estado,p1_0.fecha_adquisicion,p1_0.fecha_devolucion,p1_0.fecha_devolucion_real,rb1_0.codigo_de_barras,rb1_0.calificacion,rb1_0.categoria,rb1_0.coleccion,rb1_0.comentarios,rb1_0.contenido,rb1_0.descripcion,rb1_0.estado,rb1_0.estado_fisico,rb1_0.estante,rb1_0.idioma,rb1_0.isbn,rb1_0.localizacion,rb1_0.notas,rb1_0.publicacion,rb1_0.resumen,rb1_0.signatura_tipografica,rb1_0.tema,rb1_0.tipo_de_publicacion,rb1_0.titulo,p1_0.vencido from usuario u1_0 left join prestamo p1_0 on u1_0.id=p1_0.usuario_id left join recurso_bibliografico rb1_0 on rb1_0.codigo_de_barras=p1_0.recurso_bibliografico_codigo where u1_0.id=?
Hibernate: select u1_0.id,u1_0.apellido,u1_0.cedula,u1_0.email,u1_0.activo,u1_0.nombre,u1_0.password,u1_0.rol,u1_0.telefono,p1_0.usuario_id,p1_0.id,p1_0.estado,p1_0.fecha_adquisicion,p1_0.fecha_devolucion,p1_0.fecha_devolucion_real,rb1_0.codigo_de_barras,rb1_0.calificacion,rb1_0.categoria,rb1_0.coleccion,rb1_0.comentarios,rb1_0.contenido,rb1_0.descripcion,rb1_0.estado,rb1_0.estado_fisico,rb1_0.estante,rb1_0.idioma,rb1_0.isbn,rb1_0.localizacion,rb1_0.notas,rb1_0.publicacion,rb1_0.resumen,rb1_0.signatura_tipografica,rb1_0.tema,rb1_0.tipo_de_publicacion,rb1_0.titulo,p1_0.vencido from usuario u1_0 left join prestamo p1_0 on u1_0.id=p1_0.usuario_id left join recurso_bibliografico rb1_0 on rb1_0.codigo_de_barras=p1_0.recurso_bibliografico_codigo where u1_0.id=?
Hibernate: select u1_0.id,u1_0.apellido,u1_0.cedula,u1_0.email,u1_0.activo,u1_0.nombre,u1_0.password,u1_0.rol,u1_0.telefono,p1_0.usuario_id,p1_0.id,p1_0.estado,p1_0.fecha_adquisicion,p1_0.fecha_devolucion,p1_0.fecha_devolucion_real,rb1_0.codigo_de_barras,rb1_0.calificacion,rb1_0.categoria,rb1_0.coleccion,rb1_0.comentarios,rb1_0.contenido,rb1_0.descripcion,rb1_0.estado,rb1_0.estado_fisico,rb1_0.estante,rb1_0.idioma,rb1_0.isbn,rb1_0.localizacion,rb1_0.notas,rb1_0.publicacion,rb1_0.resumen,rb1_0.signatura_tipografica,rb1_0.tema,rb1_0.tipo_de_publicacion,rb1_0.titulo,p1_0.vencido from usuario u1_0 left join prestamo p1_0 on u1_0.id=p1_0.usuario_id left join recurso_bibliografico rb1_0 on rb1_0.codigo_de_barras=p1_0.recurso_bibliografico_codigo where u1_0.id=?
Hibernate: select u1_0.id,u1_0.apellido,u1_0.cedula,u1_0.email,u1_0.activo,u1_0.nombre,u1_0.password,u1_0.rol,u1_0.telefono,p1_0.usuario_id,p1_0.id,p1_0.estado,p1_0.fecha_adquisicion,p1_0.fecha_devolucion,p1_0.fecha_devolucion_real,rb1_0.codigo_de_barras,rb1_0.calificacion,rb1_0.categoria,rb1_0.coleccion,rb1_0.comentarios,rb1_0.contenido,rb1_0.descripcion,rb1_0.estado,rb1_0.estado_fisico,rb1_0.estante,rb1_0.idioma,rb1_0.isbn,rb1_0.localizacion,rb1_0.notas,rb1_0.publicacion,rb1_0.resumen,rb1_0.signatura_tipografica,rb1_0.tema,rb1_0.tipo_de_publicacion,rb1_0.titulo,p1_0.vencido from usuario u1_0 left join prestamo p1_0 on u1_0.id=p1_0.usuario_id left join recurso_bibliografico rb1_0 on rb1_0.codigo_de_barras=p1_0.recurso_bibliografico_codigo where u1_0.id=?
]]></system-out>
  </testcase>
  <testcase name="contextLoads" classname="com.example.biblioteca.UsuarioServiceTest" time="0.018">
    <system-out><![CDATA[Hibernate: select u1_0.id,u1_0.apellido,u1_0.cedula,u1_0.email,u1_0.activo,u1_0.nombre,u1_0.password,u1_0.rol,u1_0.telefono,p1_0.usuario_id,p1_0.id,p1_0.estado,p1_0.fecha_adquisicion,p1_0.fecha_devolucion,p1_0.fecha_devolucion_real,rb1_0.codigo_de_barras,rb1_0.calificacion,rb1_0.categoria,rb1_0.coleccion,rb1_0.comentarios,rb1_0.contenido,rb1_0.descripcion,rb1_0.estado,rb1_0.estado_fisico,rb1_0.estante,rb1_0.idioma,rb1_0.isbn,rb1_0.localizacion,rb1_0.notas,rb1_0.publicacion,rb1_0.resumen,rb1_0.signatura_tipografica,rb1_0.tema,rb1_0.tipo_de_publicacion,rb1_0.titulo,p1_0.vencido from usuario u1_0 left join prestamo p1_0 on u1_0.id=p1_0.usuario_id left join recurso_bibliografico rb1_0 on rb1_0.codigo_de_barras=p1_0.recurso_bibliografico_codigo where u1_0.id=?
Hibernate: select u1_0.id,u1_0.apellido,u1_0.cedula,u1_0.email,u1_0.activo,u1_0.nombre,u1_0.password,u1_0.rol,u1_0.telefono,p1_0.usuario_id,p1_0.id,p1_0.estado,p1_0.fecha_adquisicion,p1_0.fecha_devolucion,p1_0.fecha_devolucion_real,rb1_0.codigo_de_barras,rb1_0.calificacion,rb1_0.categoria,rb1_0.coleccion,rb1_0.comentarios,rb1_0.contenido,rb1_0.descripcion,rb1_0.estado,rb1_0.estado_fisico,rb1_0.estante,rb1_0.idioma,rb1_0.isbn,rb1_0.localizacion,rb1_0.notas,rb1_0.publicacion,rb1_0.resumen,rb1_0.signatura_tipografica,rb1_0.tema,rb1_0.tipo_de_publicacion,rb1_0.titulo,p1_0.vencido from usuario u1_0 left join prestamo p1_0 on u1_0.id=p1_0.usuario_id left join recurso_bibliografico rb1_0 on rb1_0.codigo_de_barras=p1_0.recurso_bibliografico_codigo where u1_0.id=?
Hibernate: select u1_0.id,u1_0.apellido,u1_0.cedula,u1_0.email,u1_0.activo,u1_0.nombre,u1_0.password,u1_0.rol,u1_0.telefono,p1_0.usuario_id,p1_0.id,p1_0.estado,p1_0.fecha_adquisicion,p1_0.fecha_devolucion,p1_0.fecha_devolucion_real,rb1_0.codigo_de_barras,rb1_0.calificacion,rb1_0.categoria,rb1_0.coleccion,rb1_0.comentarios,rb1_0.contenido,rb1_0.descripcion,rb1_0.estado,rb1_0.estado_fisico,rb1_0.estante,rb1_0.idioma,rb1_0.isbn,rb1_0.localizacion,rb1_0.notas,rb1_0.publicacion,rb1_0.resumen,rb1_0.signatura_tipografica,rb1_0.tema,rb1_0.tipo_de_publicacion,rb1_0.titulo,p1_0.vencido from usuario u1_0 left join prestamo p1_0 on u1_0.id=p1_0.usuario_id left join recurso_bibliografico rb1_0 on rb1_0.codigo_de_barras=p1_0.recurso_bibliografico_codigo where u1_0.id=?
Hibernate: select u1_0.id,u1_0.apellido,u1_0.cedula,u1_0.email,u1_0.activo,u1_0.nombre,u1_0.password,u1_0.rol,u1_0.telefono,p1_0.usuario_id,p1_0.id,p1_0.estado,p1_0.fecha_adquisicion,p1_0.fecha_devolucion,p1_0.fecha_devolucion_real,rb1_0.codigo_de_barras,rb1_0.calificacion,rb1_0.categoria,rb1_0.coleccion,rb1_0.comentarios,rb1_0.contenido,rb1_0.descripcion,rb1_0.estado,rb1_0.estado_fisico,rb1_0.estante,rb1_0.idioma,rb1_0.isbn,rb1_0.localizacion,rb1_0.notas,rb1_0.publicacion,rb1_0.resumen,rb1_0.signatura_tipografica,rb1_0.tema,rb1_0.tipo_de_publicacion,rb1_0.titulo,p1_0.vencido from usuario u1_0 left join prestamo p1_0 on u1_0.id=p1_0.usuario_id left join recurso_bibliografico rb1_0 on rb1_0.codigo_de_barras=p1_0.recurso_bibliografico_codigo where u1_0.id=?
Hibernate: select u1_0.id,u1_0.apellido,u1_0.cedula,u1_0.email,u1_0.activo,u1_0.nombre,u1_0.password,u1_0.rol,u1_0.telefono,p1_0.usuario_id,p1_0.id,p1_0.estado,p1_0.fecha_adquisicion,p1_0.fecha_devolucion,p1_0.fecha_devolucion_real,rb1_0.codigo_de_barras,rb1_0.calificacion,rb1_0.categoria,rb1_0.coleccion,rb1_0.comentarios,rb1_0.contenido,rb1_0.descripcion,rb1_0.estado,rb1_0.estado_fisico,rb1_0.estante,rb1_0.idioma,rb1_0.isbn,rb1_0.localizacion,rb1_0.notas,rb1_0.publicacion,rb1_0.resumen,rb1_0.signatura_tipografica,rb1_0.tema,rb1_0.tipo_de_publicacion,rb1_0.titulo,p1_0.vencido from usuario u1_0 left join prestamo p1_0 on u1_0.id=p1_0.usuario_id left join recurso_bibliografico rb1_0 on rb1_0.codigo_de_barras=p1_0.recurso_bibliografico_codigo where u1_0.id=?
]]></system-out>
  </testcase>
  <testcase name="guardarUsuario" classname="com.example.biblioteca.UsuarioServiceTest" time="0.017">
    <system-out><![CDATA[Hibernate: select u1_0.id,u1_0.apellido,u1_0.cedula,u1_0.email,u1_0.activo,u1_0.nombre,u1_0.password,u1_0.rol,u1_0.telefono,p1_0.usuario_id,p1_0.id,p1_0.estado,p1_0.fecha_adquisicion,p1_0.fecha_devolucion,p1_0.fecha_devolucion_real,rb1_0.codigo_de_barras,rb1_0.calificacion,rb1_0.categoria,rb1_0.coleccion,rb1_0.comentarios,rb1_0.contenido,rb1_0.descripcion,rb1_0.estado,rb1_0.estado_fisico,rb1_0.estante,rb1_0.idioma,rb1_0.isbn,rb1_0.localizacion,rb1_0.notas,rb1_0.publicacion,rb1_0.resumen,rb1_0.signatura_tipografica,rb1_0.tema,rb1_0.tipo_de_publicacion,rb1_0.titulo,p1_0.vencido from usuario u1_0 left join prestamo p1_0 on u1_0.id=p1_0.usuario_id left join recurso_bibliografico rb1_0 on rb1_0.codigo_de_barras=p1_0.recurso_bibliografico_codigo where u1_0.id=?
Hibernate: select u1_0.id,u1_0.apellido,u1_0.cedula,u1_0.email,u1_0.activo,u1_0.nombre,u1_0.password,u1_0.rol,u1_0.telefono,p1_0.usuario_id,p1_0.id,p1_0.estado,p1_0.fecha_adquisicion,p1_0.fecha_devolucion,p1_0.fecha_devolucion_real,rb1_0.codigo_de_barras,rb1_0.calificacion,rb1_0.categoria,rb1_0.coleccion,rb1_0.comentarios,rb1_0.contenido,rb1_0.descripcion,rb1_0.estado,rb1_0.estado_fisico,rb1_0.estante,rb1_0.idioma,rb1_0.isbn,rb1_0.localizacion,rb1_0.notas,rb1_0.publicacion,rb1_0.resumen,rb1_0.signatura_tipografica,rb1_0.tema,rb1_0.tipo_de_publicacion,rb1_0.titulo,p1_0.vencido from usuario u1_0 left join prestamo p1_0 on u1_0.id=p1_0.usuario_id left join recurso_bibliografico rb1_0 on rb1_0.codigo_de_barras=p1_0.recurso_bibliografico_codigo where u1_0.id=?
Hibernate: select u1_0.id,u1_0.apellido,u1_0.cedula,u1_0.email,u1_0.activo,u1_0.nombre,u1_0.password,u1_0.rol,u1_0.telefono,p1_0.usuario_id,p1_0.id,p1_0.estado,p1_0.fecha_adquisicion,p1_0.fecha_devolucion,p1_0.fecha_devolucion_real,rb1_0.codigo_de_barras,rb1_0.calificacion,rb1_0.categoria,rb1_0.coleccion,rb1_0.comentarios,rb1_0.contenido,rb1_0.descripcion,rb1_0.estado,rb1_0.estado_fisico,rb1_0.estante,rb1_0.idioma,rb1_0.isbn,rb1_0.localizacion,rb1_0.notas,rb1_0.publicacion,rb1_0.resumen,rb1_0.signatura_tipografica,rb1_0.tema,rb1_0.tipo_de_publicacion,rb1_0.titulo,p1_0.vencido from usuario u1_0 left join prestamo p1_0 on u1_0.id=p1_0.usuario_id left join recurso_bibliografico rb1_0 on rb1_0.codigo_de_barras=p1_0.recurso_bibliografico_codigo where u1_0.id=?
Hibernate: select u1_0.id,u1_0.apellido,u1_0.cedula,u1_0.email,u1_0.activo,u1_0.nombre,u1_0.password,u1_0.rol,u1_0.telefono,p1_0.usuario_id,p1_0.id,p1_0.estado,p1_0.fecha_adquisicion,p1_0.fecha_devolucion,p1_0.fecha_devolucion_real,rb1_0.codigo_de_barras,rb1_0.calificacion,rb1_0.categoria,rb1_0.coleccion,rb1_0.comentarios,rb1_0.contenido,rb1_0.descripcion,rb1_0.estado,rb1_0.estado_fisico,rb1_0.estante,rb1_0.idioma,rb1_0.isbn,rb1_0.localizacion,rb1_0.notas,rb1_0.publicacion,rb1_0.resumen,rb1_0.signatura_tipografica,rb1_0.tema,rb1_0.tipo_de_publicacion,rb1_0.titulo,p1_0.vencido from usuario u1_0 left join prestamo p1_0 on u1_0.id=p1_0.usuario_id left join recurso_bibliografico rb1_0 on rb1_0.codigo_de_barras=p1_0.recurso_bibliografico_codigo where u1_0.id=?
Hibernate: select u1_0.id,u1_0.apellido,u1_0.cedula,u1_0.email,u1_0.activo,u1_0.nombre,u1_0.password,u1_0.rol,u1_0.telefono,p1_0.usuario_id,p1_0.id,p1_0.estado,p1_0.fecha_adquisicion,p1_0.fecha_devolucion,p1_0.fecha_devolucion_real,rb1_0.codigo_de_barras,rb1_0.calificacion,rb1_0.categoria,rb1_0.coleccion,rb1_0.comentarios,rb1_0.contenido,rb1_0.descripcion,rb1_0.estado,rb1_0.estado_fisico,rb1_0.estante,rb1_0.idioma,rb1_0.isbn,rb1_0.localizacion,rb1_0.notas,rb1_0.publicacion,rb1_0.resumen,rb1_0.signatura_tipografica,rb1_0.tema,rb1_0.tipo_de_publicacion,rb1_0.titulo,p1_0.vencido from usuario u1_0 left join prestamo p1_0 on u1_0.id=p1_0.usuario_id left join recurso_bibliografico rb1_0 on rb1_0.codigo_de_barras=p1_0.recurso_bibliografico_codigo where u1_0.id=?
]]></system-out>
  </testcase>
</testsuite>