<?xml version="1.0" encoding="UTF-8"?>
<testsuite xmlns:xsi="http://www.w3.org/2001/XMLSchema-instance" xsi:noNamespaceSchemaLocation="https://maven.apache.org/surefire/maven-surefire-plugin/xsd/surefire-test-report.xsd" version="3.0.2" name="com.example.biblioteca.ReservaServicioTest" time="1.375" tests="9" errors="0" skipped="0" failures="0">
  <properties>
[...]
</properties>
  <testcase name="testCancelarReserva_Exitosa" classname="com.example.biblioteca.ReservaServicioTest" time="0.072">
    <system-out><![CDATA[2025-12-04T11:25:24.112-05:00  INFO 15872 --- [biblioteca] [           main] t.c.s.AnnotationConfigContextLoaderUtils : Could not detect default configuration classes for test class [com.example.biblioteca.ReservaServicioTest]: ReservaServicioTest does not declare any static, non-private, non-final, nested classes annotated with @Configuration.
2025-12-04T11:25:24.128-05:00  INFO 15872 --- [biblioteca] [           main] .b.t.c.SpringBootTestContextBootstrapper : Found @SpringBootConfiguration com.example.biblioteca.BibliotecaApplication for test class com.example.biblioteca.ReservaServicioTest
2025-12-04T11:25:24.137-05:00  INFO 15872 --- [biblioteca] [           main] o.s.b.d.r.RestartApplicationListener     : Restart disabled due to context in which it is running

  .   ____          _            __ _ _
 /\\ / ___'_ __ _ _(_)_ __  __ _ \ \ \ \
( ( )\___ | '_ | '_| | '_ \/ _` | \ \ \ \
 \\/  ___)| |_)| | | | | || (_| |  ) ) ) )
  '  |____| .__|_| |_|_| |_\__, | / / / /
 =========|_|==============|___/=/_/_/_/

 :: Spring Boot ::                (v3.5.5)

2025-12-04T11:25:24.173-05:00  INFO 15872 --- [biblioteca] [           main] c.e.biblioteca.ReservaServicioTest       : Starting ReservaServicioTest using Java 24.0.1 with PID 15872 (started by Esteb in C:\Users\Esteb\desktop\Escritorio\proyectoF\BilblioWeb)
2025-12-04T11:25:24.173-05:00  INFO 15872 --- [biblioteca] [           main] c.e.biblioteca.ReservaServicioTest       : The following 1 profile is active: "test"
2025-12-04T11:25:24.610-05:00  INFO 15872 --- [biblioteca] [           main] .s.d.r.c.RepositoryConfigurationDelegate : Bootstrapping Spring Data JPA repositories in DEFAULT mode.
2025-12-04T11:25:24.632-05:00  INFO 15872 --- [biblioteca] [           main] .s.d.r.c.RepositoryConfigurationDelegate : Finished Spring Data repository scanning in 20 ms. Found 5 JPA repository interfaces.
2025-12-04T11:25:24.754-05:00  INFO 15872 --- [biblioteca] [           main] o.hibernate.jpa.internal.util.LogHelper  : HHH000204: Processing PersistenceUnitInfo [name: default]
2025-12-04T11:25:24.761-05:00  INFO 15872 --- [biblioteca] [           main] o.h.c.internal.RegionFactoryInitiator    : HHH000026: Second-level cache disabled
2025-12-04T11:25:24.781-05:00  INFO 15872 --- [biblioteca] [           main] o.s.o.j.p.SpringPersistenceUnitInfo      : No LoadTimeWeaver setup: ignoring JPA class transformer
2025-12-04T11:25:24.784-05:00  INFO 15872 --- [biblioteca] [           main] com.zaxxer.hikari.HikariDataSource       : HikariPool-2 - Starting...
2025-12-04T11:25:24.786-05:00  INFO 15872 --- [biblioteca] [           main] com.zaxxer.hikari.pool.HikariPool        : HikariPool-2 - Added connection conn10: url=jdbc:h2:mem:testdb user=SA
2025-12-04T11:25:24.786-05:00  INFO 15872 --- [biblioteca] [           main] com.zaxxer.hikari.HikariDataSource       : HikariPool-2 - Start completed.
2025-12-04T11:25:24.787-05:00  WARN 15872 --- [biblioteca] [           main] org.hibernate.orm.deprecation            : HHH90000025: MySQL8Dialect does not need to be specified explicitly using 'hibernate.dialect' (remove the property setting and it will be selected by default)
2025-12-04T11:25:24.788-05:00  WARN 15872 --- [biblioteca] [           main] org.hibernate.orm.deprecation            : HHH90000026: MySQL8Dialect has been deprecated; use org.hibernate.dialect.MySQLDialect instead
2025-12-04T11:25:24.789-05:00  INFO 15872 --- [biblioteca] [           main] org.hibernate.orm.connections.pooling    : HHH10001005: Database info:
	Database JDBC URL [Connecting through datasource 'HikariDataSource (HikariPool-2)']
	Database driver: undefined/unknown
	Database version: 8.0
	Autocommit mode: undefined/unknown
	Isolation level: undefined/unknown
	Minimum pool size: undefined/unknown
	Maximum pool size: undefined/unknown
2025-12-04T11:25:24.868-05:00  INFO 15872 --- [biblioteca] [           main] o.h.e.t.j.p.i.JtaPlatformInitiator       : HHH000489: No JTA platform available (set 'hibernate.transaction.jta.platform' to enable JTA platform integration)
Hibernate: alter table autores_recursos_bibliograficos drop foreign key FKn37i6dq9i2et5f4cjte9c94f0
Hibernate: alter table autores_recursos_bibliograficos drop foreign key FKcurfoxfgwq9f17p3tieej1ck4
Hibernate: alter table prestamo drop foreign key FKl4qslrrmtfprtvbxlrcliw42e
Hibernate: alter table prestamo drop foreign key FKqxhq6d4w6fuv27c7j3af28wdu
Hibernate: alter table reserva drop foreign key FK1g8niksyxnro5nwtr4tnx9qii
Hibernate: alter table reserva drop foreign key FKsbrwim47vm17adpuqj3dou9au
Hibernate: drop table if exists autor
Hibernate: drop table if exists autores_recursos_bibliograficos
Hibernate: drop table if exists prestamo
Hibernate: drop table if exists recurso_bibliografico
Hibernate: drop table if exists reserva
Hibernate: drop table if exists usuario
Hibernate: create table autor (id integer not null auto_increment, apellido varchar(255), nacionalidad varchar(255), nombre varchar(255), telefono varchar(255), primary key (id)) engine=InnoDB
Hibernate: create table autores_recursos_bibliograficos (autor_id integer not null, codigo_de_barras varchar(100) not null, primary key (autor_id, codigo_de_barras)) engine=InnoDB
Hibernate: create table prestamo (estado bit not null, id integer not null auto_increment, usuario_id integer not null, vencido bit not null, fecha_adquisicion datetime(6), fecha_devolucion datetime(6), fecha_devolucion_real datetime(6), recurso_bibliografico_codigo varchar(100), primary key (id)) engine=InnoDB
Hibernate: create table recurso_bibliografico (estado varchar(50) not null, estado_fisico varchar(50) not null, idioma varchar(50) not null, localizacion varchar(50) not null, calificacion varchar(100), categoria varchar(100) not null, codigo_de_barras varchar(100) not null, contenido varchar(100), estante varchar(100) not null, signatura_tipografica varchar(100) not null, tema varchar(100) not null, descripcion varchar(150), publicacion varchar(150), comentarios varchar(200), notas varchar(200), titulo varchar(200) not null, resumen varchar(500), coleccion varchar(255) not null, isbn varchar(255), tipo_de_publicacion varchar(255) not null, primary key (codigo_de_barras)) engine=InnoDB
Hibernate: create table reserva (id_usuario integer, posicion_cola integer, fecha_limite_retiro datetime(6) not null, fecha_reserva datetime(6) not null, codigo_de_barras varchar(100), codigo_reserva varchar(255) not null, estado enum ('ACTIVA','CANCELADA','CONCRETADA') not null, primary key (codigo_reserva)) engine=InnoDB
Hibernate: create table usuario (activo bit not null, id integer not null, cedula bigint not null, telefono varchar(15) not null, rol varchar(50) not null, apellido varchar(100) not null, nombre varchar(100) not null, email varchar(150) not null, password varchar(255) not null, primary key (id)) engine=InnoDB
Hibernate: alter table prestamo add constraint UKa900mnq2usbx7hdayxn3scj7 unique (recurso_bibliografico_codigo)
Hibernate: alter table recurso_bibliografico add constraint UK4s39hpqmef9ecxyaut712dwsk unique (signatura_tipografica)
Hibernate: alter table recurso_bibliografico add constraint UKmlw2eixf70v3o0fh6ccq885s7 unique (isbn)
Hibernate: alter table usuario add constraint UK6lpw46du147baun4iyme6m6uk unique (cedula)
Hibernate: alter table usuario add constraint UK5171l57faosmj8myawaucatdw unique (email)
Hibernate: alter table autores_recursos_bibliograficos add constraint FKn37i6dq9i2et5f4cjte9c94f0 foreign key (autor_id) references autor (id)
Hibernate: alter table autores_recursos_bibliograficos add constraint FKcurfoxfgwq9f17p3tieej1ck4 foreign key (codigo_de_barras) references recurso_bibliografico (codigo_de_barras)
Hibernate: alter table prestamo add constraint FKl4qslrrmtfprtvbxlrcliw42e foreign key (recurso_bibliografico_codigo) references recurso_bibliografico (codigo_de_barras)
Hibernate: alter table prestamo add constraint FKqxhq6d4w6fuv27c7j3af28wdu foreign key (usuario_id) references usuario (id)
Hibernate: alter table reserva add constraint FK1g8niksyxnro5nwtr4tnx9qii foreign key (codigo_de_barras) references recurso_bibliografico (codigo_de_barras)
Hibernate: alter table reserva add constraint FKsbrwim47vm17adpuqj3dou9au foreign key (id_usuario) references usuario (id)
2025-12-04T11:25:24.893-05:00  INFO 15872 --- [biblioteca] [           main] j.LocalContainerEntityManagerFactoryBean : Initialized JPA EntityManagerFactory for persistence unit 'default'
2025-12-04T11:25:25.035-05:00  WARN 15872 --- [biblioteca] [           main] JpaBaseConfiguration$JpaWebConfiguration : spring.jpa.open-in-view is enabled by default. Therefore, database queries may be performed during view rendering. Explicitly configure spring.jpa.open-in-view to disable this warning
2025-12-04T11:25:25.195-05:00  INFO 15872 --- [biblioteca] [           main] o.s.b.a.h2.H2ConsoleAutoConfiguration    : H2 console available at '/h2-console'. Database available at 'jdbc:h2:mem:testdb'
2025-12-04T11:25:25.207-05:00  INFO 15872 --- [biblioteca] [           main] o.s.b.a.e.web.EndpointLinksResolver      : Exposing 1 endpoint beneath base path '/actuator'
2025-12-04T11:25:25.222-05:00  INFO 15872 --- [biblioteca] [           main] c.e.biblioteca.ReservaServicioTest       : Started ReservaServicioTest in 1.085 seconds (process running for 11.898)
Hibernate: select u1_0.id,u1_0.apellido,u1_0.cedula,u1_0.email,u1_0.activo,u1_0.nombre,u1_0.password,u1_0.rol,u1_0.telefono,p1_0.usuario_id,p1_0.id,p1_0.estado,p1_0.fecha_adquisicion,p1_0.fecha_devolucion,p1_0.fecha_devolucion_real,rb1_0.codigo_de_barras,rb1_0.calificacion,rb1_0.categoria,rb1_0.coleccion,rb1_0.comentarios,rb1_0.contenido,rb1_0.descripcion,rb1_0.estado,rb1_0.estado_fisico,rb1_0.estante,rb1_0.idioma,rb1_0.isbn,rb1_0.localizacion,rb1_0.notas,rb1_0.publicacion,rb1_0.resumen,rb1_0.signatura_tipografica,rb1_0.tema,rb1_0.tipo_de_publicacion,rb1_0.titulo,p1_0.vencido from usuario u1_0 left join prestamo p1_0 on u1_0.id=p1_0.usuario_id left join recurso_bibliografico rb1_0 on rb1_0.codigo_de_barras=p1_0.recurso_bibliografico_codigo where u1_0.id=?
Hibernate: insert into usuario (apellido,cedula,email,activo,nombre,password,rol,telefono,id) values (?,?,?,?,?,?,?,?,?)
Hibernate: insert into recurso_bibliografico (calificacion,categoria,coleccion,comentarios,contenido,descripcion,estado,estado_fisico,estante,idioma,isbn,localizacion,notas,publicacion,resumen,signatura_tipografica,tema,tipo_de_publicacion,titulo,codigo_de_barras) values (?,?,?,?,?,?,?,?,?,?,?,?,?,?,?,?,?,?,?,?)
Hibernate: select null,u1_0.apellido,u1_0.cedula,u1_0.email,u1_0.activo,u1_0.nombre,u1_0.password,u1_0.rol,u1_0.telefono from usuario u1_0 where u1_0.id=?
Hibernate: insert into prestamo (estado,fecha_adquisicion,fecha_devolucion,fecha_devolucion_real,recurso_bibliografico_codigo,usuario_id,vencido) values (?,?,?,?,?,?,?)
Hibernate: select r1_0.codigo_reserva,r1_0.estado,r1_0.fecha_limite_retiro,r1_0.fecha_reserva,r1_0.posicion_cola,r1_0.codigo_de_barras,r1_0.id_usuario from reserva r1_0 where r1_0.codigo_reserva=?
Hibernate: insert into reserva (estado,fecha_limite_retiro,fecha_reserva,posicion_cola,codigo_de_barras,id_usuario,codigo_reserva) values (?,?,?,?,?,?,?)
Hibernate: update reserva set estado=?,fecha_limite_retiro=?,fecha_reserva=?,posicion_cola=?,codigo_de_barras=?,id_usuario=? where codigo_reserva=?
Hibernate: select r1_0.codigo_reserva,r1_0.estado,r1_0.fecha_limite_retiro,r1_0.fecha_reserva,r1_0.posicion_cola,r1_0.codigo_de_barras,r1_0.id_usuario from reserva r1_0 where r1_0.codigo_de_barras=? and r1_0.estado=?
]]></system-out>
  </testcase>
  <testcase name="testCrearReserva_ReservaCreadaCorrectamente" classname="com.example.biblioteca.ReservaServicioTest" time="0.042">
    <system-out><![CDATA[Hibernate: select u1_0.id,u1_0.apellido,u1_0.cedula,u1_0.email,u1_0.activo,u1_0.nombre,u1_0.password,u1_0.rol,u1_0.telefono,p1_0.usuario_id,p1_0.id,p1_0.estado,p1_0.fecha_adquisicion,p1_0.fecha_devolucion,p1_0.fecha_devolucion_real,rb1_0.codigo_de_barras,rb1_0.calificacion,rb1_0.categoria,rb1_0.coleccion,rb1_0.comentarios,rb1_0.contenido,rb1_0.descripcion,rb1_0.estado,rb1_0.estado_fisico,rb1_0.estante,rb1_0.idioma,rb1_0.isbn,rb1_0.localizacion,rb1_0.notas,rb1_0.publicacion,rb1_0.resumen,rb1_0.signatura_tipografica,rb1_0.tema,rb1_0.tipo_de_publicacion,rb1_0.titulo,p1_0.vencido from usuario u1_0 left join prestamo p1_0 on u1_0.id=p1_0.usuario_id left join recurso_bibliografico rb1_0 on rb1_0.codigo_de_barras=p1_0.recurso_bibliografico_codigo where u1_0.id=?
Hibernate: insert into usuario (apellido,cedula,email,activo,nombre,password,rol,telefono,id) values (?,?,?,?,?,?,?,?,?)
Hibernate: insert into recurso_bibliografico (calificacion,categoria,coleccion,comentarios,contenido,descripcion,estado,estado_fisico,estante,idioma,isbn,localizacion,notas,publicacion,resumen,signatura_tipografica,tema,tipo_de_publicacion,titulo,codigo_de_barras) values (?,?,?,?,?,?,?,?,?,?,?,?,?,?,?,?,?,?,?,?)
Hibernate: select null,u1_0.apellido,u1_0.cedula,u1_0.email,u1_0.activo,u1_0.nombre,u1_0.password,u1_0.rol,u1_0.telefono from usuario u1_0 where u1_0.id=?
Hibernate: insert into prestamo (estado,fecha_adquisicion,fecha_devolucion,fecha_devolucion_real,recurso_bibliografico_codigo,usuario_id,vencido) values (?,?,?,?,?,?,?)
Hibernate: update prestamo set estado=?,fecha_adquisicion=?,fecha_devolucion=?,fecha_devolucion_real=?,recurso_bibliografico_codigo=?,usuario_id=?,vencido=? where id=?
Hibernate: select r1_0.codigo_reserva,r1_0.estado,r1_0.fecha_limite_retiro,r1_0.fecha_reserva,r1_0.posicion_cola,r1_0.codigo_de_barras,r1_0.id_usuario from reserva r1_0 where r1_0.codigo_de_barras=? and r1_0.estado=? and r1_0.id_usuario=?
Hibernate: select p1_0.id,p1_0.estado,p1_0.fecha_adquisicion,p1_0.fecha_devolucion,p1_0.fecha_devolucion_real,p1_0.recurso_bibliografico_codigo,p1_0.usuario_id,p1_0.vencido from prestamo p1_0 where p1_0.recurso_bibliografico_codigo=? and p1_0.usuario_id=? and p1_0.estado=?
Hibernate: SELECT COALESCE(MAX(r.posicion_cola), 0) FROM reserva r JOIN recurso_bibliografico rb ON r.codigo_de_barras = rb.codigo_de_barras WHERE rb.codigo_de_barras = ?
Hibernate: select r1_0.codigo_reserva,r1_0.estado,r1_0.fecha_limite_retiro,r1_0.fecha_reserva,r1_0.posicion_cola,r1_0.codigo_de_barras,r1_0.id_usuario from reserva r1_0 where r1_0.codigo_reserva=?
]]></system-out>
  </testcase>
  <testcase name="testCancelarReserva_NoActiva" classname="com.example.biblioteca.ReservaServicioTest" time="0.015">
    <system-out><![CDATA[Hibernate: select u1_0.id,u1_0.apellido,u1_0.cedula,u1_0.email,u1_0.activo,u1_0.nombre,u1_0.password,u1_0.rol,u1_0.telefono,p1_0.usuario_id,p1_0.id,p1_0.estado,p1_0.fecha_adquisicion,p1_0.fecha_devolucion,p1_0.fecha_devolucion_real,rb1_0.codigo_de_barras,rb1_0.calificacion,rb1_0.categoria,rb1_0.coleccion,rb1_0.comentarios,rb1_0.contenido,rb1_0.descripcion,rb1_0.estado,rb1_0.estado_fisico,rb1_0.estante,rb1_0.idioma,rb1_0.isbn,rb1_0.localizacion,rb1_0.notas,rb1_0.publicacion,rb1_0.resumen,rb1_0.signatura_tipografica,rb1_0.tema,rb1_0.tipo_de_publicacion,rb1_0.titulo,p1_0.vencido from usuario u1_0 left join prestamo p1_0 on u1_0.id=p1_0.usuario_id left join recurso_bibliografico rb1_0 on rb1_0.codigo_de_barras=p1_0.recurso_bibliografico_codigo where u1_0.id=?
Hibernate: insert into usuario (apellido,cedula,email,activo,nombre,password,rol,telefono,id) values (?,?,?,?,?,?,?,?,?)
Hibernate: insert into recurso_bibliografico (calificacion,categoria,coleccion,comentarios,contenido,descripcion,estado,estado_fisico,estante,idioma,isbn,localizacion,notas,publicacion,resumen,signatura_tipografica,tema,tipo_de_publicacion,titulo,codigo_de_barras) values (?,?,?,?,?,?,?,?,?,?,?,?,?,?,?,?,?,?,?,?)
Hibernate: select null,u1_0.apellido,u1_0.cedula,u1_0.email,u1_0.activo,u1_0.nombre,u1_0.password,u1_0.rol,u1_0.telefono from usuario u1_0 where u1_0.id=?
Hibernate: insert into prestamo (estado,fecha_adquisicion,fecha_devolucion,fecha_devolucion_real,recurso_bibliografico_codigo,usuario_id,vencido) values (?,?,?,?,?,?,?)
Hibernate: select r1_0.codigo_reserva,r1_0.estado,r1_0.fecha_limite_retiro,r1_0.fecha_reserva,r1_0.posicion_cola,r1_0.codigo_de_barras,r1_0.id_usuario from reserva r1_0 where r1_0.codigo_reserva=?
]]></system-out>
  </testcase>
  <testcase name="testCancelarReserva_NoExiste" classname="com.example.biblioteca.ReservaServicioTest" time="0.016">
    <system-out><![CDATA[Hibernate: select u1_0.id,u1_0.apellido,u1_0.cedula,u1_0.email,u1_0.activo,u1_0.nombre,u1_0.password,u1_0.rol,u1_0.telefono,p1_0.usuario_id,p1_0.id,p1_0.estado,p1_0.fecha_adquisicion,p1_0.fecha_devolucion,p1_0.fecha_devolucion_real,rb1_0.codigo_de_barras,rb1_0.calificacion,rb1_0.categoria,rb1_0.coleccion,rb1_0.comentarios,rb1_0.contenido,rb1_0.descripcion,rb1_0.estado,rb1_0.estado_fisico,rb1_0.estante,rb1_0.idioma,rb1_0.isbn,rb1_0.localizacion,rb1_0.notas,rb1_0.publicacion,rb1_0.resumen,rb1_0.signatura_tipografica,rb1_0.tema,rb1_0.tipo_de_publicacion,rb1_0.titulo,p1_0.vencido from usuario u1_0 left join prestamo p1_0 on u1_0.id=p1_0.usuario_id left join recurso_bibliografico rb1_0 on rb1_0.codigo_de_barras=p1_0.recurso_bibliografico_codigo where u1_0.id=?
Hibernate: insert into usuario (apellido,cedula,email,activo,nombre,password,rol,telefono,id) values (?,?,?,?,?,?,?,?,?)
Hibernate: insert into recurso_bibliografico (calificacion,categoria,coleccion,comentarios,contenido,descripcion,estado,estado_fisico,estante,idioma,isbn,localizacion,notas,publicacion,resumen,signatura_tipografica,tema,tipo_de_publicacion,titulo,codigo_de_barras) values (?,?,?,?,?,?,?,?,?,?,?,?,?,?,?,?,?,?,?,?)
Hibernate: select null,u1_0.apellido,u1_0.cedula,u1_0.email,u1_0.activo,u1_0.nombre,u1_0.password,u1_0.rol,u1_0.telefono from usuario u1_0 where u1_0.id=?
Hibernate: insert into prestamo (estado,fecha_adquisicion,fecha_devolucion,fecha_devolucion_real,recurso_bibliografico_codigo,usuario_id,vencido) values (?,?,?,?,?,?,?)
Hibernate: select r1_0.codigo_reserva,r1_0.estado,r1_0.fecha_limite_retiro,r1_0.fecha_reserva,r1_0.posicion_cola,r1_0.codigo_de_barras,r1_0.id_usuario from reserva r1_0 where r1_0.codigo_reserva=?
]]></system-out>
  </testcase>
  <testcase name="testCrearReserva_RecursoNoExiste" classname="com.example.biblioteca.ReservaServicioTest" time="0.016">
    <system-out><![CDATA[Hibernate: select u1_0.id,u1_0.apellido,u1_0.cedula,u1_0.email,u1_0.activo,u1_0.nombre,u1_0.password,u1_0.rol,u1_0.telefono,p1_0.usuario_id,p1_0.id,p1_0.estado,p1_0.fecha_adquisicion,p1_0.fecha_devolucion,p1_0.fecha_devolucion_real,rb1_0.codigo_de_barras,rb1_0.calificacion,rb1_0.categoria,rb1_0.coleccion,rb1_0.comentarios,rb1_0.contenido,rb1_0.descripcion,rb1_0.estado,rb1_0.estado_fisico,rb1_0.estante,rb1_0.idioma,rb1_0.isbn,rb1_0.localizacion,rb1_0.notas,rb1_0.publicacion,rb1_0.resumen,rb1_0.signatura_tipografica,rb1_0.tema,rb1_0.tipo_de_publicacion,rb1_0.titulo,p1_0.vencido from usuario u1_0 left join prestamo p1_0 on u1_0.id=p1_0.usuario_id left join recurso_bibliografico rb1_0 on rb1_0.codigo_de_barras=p1_0.recurso_bibliografico_codigo where u1_0.id=?
Hibernate: insert into usuario (apellido,cedula,email,activo,nombre,password,rol,telefono,id) values (?,?,?,?,?,?,?,?,?)
Hibernate: insert into recurso_bibliografico (calificacion,categoria,coleccion,comentarios,contenido,descripcion,estado,estado_fisico,estante,idioma,isbn,localizacion,notas,publicacion,resumen,signatura_tipografica,tema,tipo_de_publicacion,titulo,codigo_de_barras) values (?,?,?,?,?,?,?,?,?,?,?,?,?,?,?,?,?,?,?,?)
Hibernate: select null,u1_0.apellido,u1_0.cedula,u1_0.email,u1_0.activo,u1_0.nombre,u1_0.password,u1_0.rol,u1_0.telefono from usuario u1_0 where u1_0.id=?
Hibernate: insert into prestamo (estado,fecha_adquisicion,fecha_devolucion,fecha_devolucion_real,recurso_bibliografico_codigo,usuario_id,vencido) values (?,?,?,?,?,?,?)
Hibernate: select rb1_0.codigo_de_barras,rb1_0.calificacion,rb1_0.categoria,rb1_0.coleccion,rb1_0.comentarios,rb1_0.contenido,rb1_0.descripcion,rb1_0.estado,rb1_0.estado_fisico,rb1_0.estante,rb1_0.idioma,rb1_0.isbn,rb1_0.localizacion,rb1_0.notas,p1_0.id,p1_0.estado,p1_0.fecha_adquisicion,p1_0.fecha_devolucion,p1_0.fecha_devolucion_real,p1_0.usuario_id,u1_0.id,u1_0.apellido,u1_0.cedula,u1_0.email,u1_0.activo,u1_0.nombre,u1_0.password,u1_0.rol,u1_0.telefono,p1_0.vencido,rb1_0.publicacion,rb1_0.resumen,rb1_0.signatura_tipografica,rb1_0.tema,rb1_0.tipo_de_publicacion,rb1_0.titulo from recurso_bibliografico rb1_0 left join prestamo p1_0 on rb1_0.codigo_de_barras=p1_0.recurso_bibliografico_codigo left join usuario u1_0 on u1_0.id=p1_0.usuario_id where rb1_0.codigo_de_barras=?
]]></system-out>
  </testcase>
  <testcase name="testCrearReserva_UsuarioNoExiste" classname="com.example.biblioteca.ReservaServicioTest" time="0.016">
    <system-out><![CDATA[Hibernate: select u1_0.id,u1_0.apellido,u1_0.cedula,u1_0.email,u1_0.activo,u1_0.nombre,u1_0.password,u1_0.rol,u1_0.telefono,p1_0.usuario_id,p1_0.id,p1_0.estado,p1_0.fecha_adquisicion,p1_0.fecha_devolucion,p1_0.fecha_devolucion_real,rb1_0.codigo_de_barras,rb1_0.calificacion,rb1_0.categoria,rb1_0.coleccion,rb1_0.comentarios,rb1_0.contenido,rb1_0.descripcion,rb1_0.estado,rb1_0.estado_fisico,rb1_0.estante,rb1_0.idioma,rb1_0.isbn,rb1_0.localizacion,rb1_0.notas,rb1_0.publicacion,rb1_0.resumen,rb1_0.signatura_tipografica,rb1_0.tema,rb1_0.tipo_de_publicacion,rb1_0.titulo,p1_0.vencido from usuario u1_0 left join prestamo p1_0 on u1_0.id=p1_0.usuario_id left join recurso_bibliografico rb1_0 on rb1_0.codigo_de_barras=p1_0.recurso_bibliografico_codigo where u1_0.id=?
Hibernate: insert into usuario (apellido,cedula,email,activo,nombre,password,rol,telefono,id) values (?,?,?,?,?,?,?,?,?)
Hibernate: insert into recurso_bibliografico (calificacion,categoria,coleccion,comentarios,contenido,descripcion,estado,estado_fisico,estante,idioma,isbn,localizacion,notas,publicacion,resumen,signatura_tipografica,tema,tipo_de_publicacion,titulo,codigo_de_barras) values (?,?,?,?,?,?,?,?,?,?,?,?,?,?,?,?,?,?,?,?)
Hibernate: select null,u1_0.apellido,u1_0.cedula,u1_0.email,u1_0.activo,u1_0.nombre,u1_0.password,u1_0.rol,u1_0.telefono from usuario u1_0 where u1_0.id=?
Hibernate: insert into prestamo (estado,fecha_adquisicion,fecha_devolucion,fecha_devolucion_real,recurso_bibliografico_codigo,usuario_id,vencido) values (?,?,?,?,?,?,?)
Hibernate: select u1_0.id,u1_0.apellido,u1_0.cedula,u1_0.email,u1_0.activo,u1_0.nombre,u1_0.password,u1_0.rol,u1_0.telefono from usuario u1_0 where u1_0.id=?
]]></system-out>
  </testcase>
  <testcase name="testCrearReserva_ReservaActivaYaExiste" classname="com.example.biblioteca.ReservaServicioTest" time="0.023">
    <system-out><![CDATA[Hibernate: select u1_0.id,u1_0.apellido,u1_0.cedula,u1_0.email,u1_0.activo,u1_0.nombre,u1_0.password,u1_0.rol,u1_0.telefono,p1_0.usuario_id,p1_0.id,p1_0.estado,p1_0.fecha_adquisicion,p1_0.fecha_devolucion,p1_0.fecha_devolucion_real,rb1_0.codigo_de_barras,rb1_0.calificacion,rb1_0.categoria,rb1_0.coleccion,rb1_0.comentarios,rb1_0.contenido,rb1_0.descripcion,rb1_0.estado,rb1_0.estado_fisico,rb1_0.estante,rb1_0.idioma,rb1_0.isbn,rb1_0.localizacion,rb1_0.notas,rb1_0.publicacion,rb1_0.resumen,rb1_0.signatura_tipografica,rb1_0.tema,rb1_0.tipo_de_publicacion,rb1_0.titulo,p1_0.vencido from usuario u1_0 left join prestamo p1_0 on u1_0.id=p1_0.usuario_id left join recurso_bibliografico rb1_0 on rb1_0.codigo_de_barras=p1_0.recurso_bibliografico_codigo where u1_0.id=?
Hibernate: insert into usuario (apellido,cedula,email,activo,nombre,password,rol,telefono,id) values (?,?,?,?,?,?,?,?,?)
Hibernate: insert into recurso_bibliografico (calificacion,categoria,coleccion,comentarios,contenido,descripcion,estado,estado_fisico,estante,idioma,isbn,localizacion,notas,publicacion,resumen,signatura_tipografica,tema,tipo_de_publicacion,titulo,codigo_de_barras) values (?,?,?,?,?,?,?,?,?,?,?,?,?,?,?,?,?,?,?,?)
Hibernate: select null,u1_0.apellido,u1_0.cedula,u1_0.email,u1_0.activo,u1_0.nombre,u1_0.password,u1_0.rol,u1_0.telefono from usuario u1_0 where u1_0.id=?
Hibernate: insert into prestamo (estado,fecha_adquisicion,fecha_devolucion,fecha_devolucion_real,recurso_bibliografico_codigo,usuario_id,vencido) values (?,?,?,?,?,?,?)
Hibernate: select r1_0.codigo_reserva,r1_0.estado,r1_0.fecha_limite_retiro,r1_0.fecha_reserva,r1_0.posicion_cola,r1_0.codigo_de_barras,r1_0.id_usuario from reserva r1_0 where r1_0.codigo_reserva=?
Hibernate: insert into reserva (estado,fecha_limite_retiro,fecha_reserva,posicion_cola,codigo_de_barras,id_usuario,codigo_reserva) values (?,?,?,?,?,?,?)
Hibernate: select r1_0.codigo_reserva,r1_0.estado,r1_0.fecha_limite_retiro,r1_0.fecha_reserva,r1_0.posicion_cola,r1_0.codigo_de_barras,r1_0.id_usuario from reserva r1_0 where r1_0.codigo_de_barras=? and r1_0.estado=? and r1_0.id_usuario=?
]]></system-out>
  </testcase>
  <testcase name="testCrearReserva_RecursoDisponibleDebeFallar" classname="com.example.biblioteca.ReservaServicioTest" time="0.025">
    <system-out><![CDATA[Hibernate: select u1_0.id,u1_0.apellido,u1_0.cedula,u1_0.email,u1_0.activo,u1_0.nombre,u1_0.password,u1_0.rol,u1_0.telefono,p1_0.usuario_id,p1_0.id,p1_0.estado,p1_0.fecha_adquisicion,p1_0.fecha_devolucion,p1_0.fecha_devolucion_real,rb1_0.codigo_de_barras,rb1_0.calificacion,rb1_0.categoria,rb1_0.coleccion,rb1_0.comentarios,rb1_0.contenido,rb1_0.descripcion,rb1_0.estado,rb1_0.estado_fisico,rb1_0.estante,rb1_0.idioma,rb1_0.isbn,rb1_0.localizacion,rb1_0.notas,rb1_0.publicacion,rb1_0.resumen,rb1_0.signatura_tipografica,rb1_0.tema,rb1_0.tipo_de_publicacion,rb1_0.titulo,p1_0.vencido from usuario u1_0 left join prestamo p1_0 on u1_0.id=p1_0.usuario_id left join recurso_bibliografico rb1_0 on rb1_0.codigo_de_barras=p1_0.recurso_bibliografico_codigo where u1_0.id=?
Hibernate: insert into usuario (apellido,cedula,email,activo,nombre,password,rol,telefono,id) values (?,?,?,?,?,?,?,?,?)
Hibernate: insert into recurso_bibliografico (calificacion,categoria,coleccion,comentarios,contenido,descripcion,estado,estado_fisico,estante,idioma,isbn,localizacion,notas,publicacion,resumen,signatura_tipografica,tema,tipo_de_publicacion,titulo,codigo_de_barras) values (?,?,?,?,?,?,?,?,?,?,?,?,?,?,?,?,?,?,?,?)
Hibernate: select null,u1_0.apellido,u1_0.cedula,u1_0.email,u1_0.activo,u1_0.nombre,u1_0.password,u1_0.rol,u1_0.telefono from usuario u1_0 where u1_0.id=?
Hibernate: insert into prestamo (estado,fecha_adquisicion,fecha_devolucion,fecha_devolucion_real,recurso_bibliografico_codigo,usuario_id,vencido) values (?,?,?,?,?,?,?)
Hibernate: update prestamo set estado=?,fecha_adquisicion=?,fecha_devolucion=?,fecha_devolucion_real=?,recurso_bibliografico_codigo=?,usuario_id=?,vencido=? where id=?
Hibernate: update recurso_bibliografico set calificacion=?,categoria=?,coleccion=?,comentarios=?,contenido=?,descripcion=?,estado=?,estado_fisico=?,estante=?,idioma=?,isbn=?,localizacion=?,notas=?,publicacion=?,resumen=?,signatura_tipografica=?,tema=?,tipo_de_publicacion=?,titulo=? where codigo_de_barras=?
Hibernate: select r1_0.codigo_reserva,r1_0.estado,r1_0.fecha_limite_retiro,r1_0.fecha_reserva,r1_0.posicion_cola,r1_0.codigo_de_barras,r1_0.id_usuario from reserva r1_0 where r1_0.codigo_de_barras=? and r1_0.estado=? and r1_0.id_usuario=?
Hibernate: select p1_0.id,p1_0.estado,p1_0.fecha_adquisicion,p1_0.fecha_devolucion,p1_0.fecha_devolucion_real,p1_0.recurso_bibliografico_codigo,p1_0.usuario_id,p1_0.vencido from prestamo p1_0 where p1_0.recurso_bibliografico_codigo=? and p1_0.usuario_id=? and p1_0.estado=?
]]></system-out>
  </testcase>
  <testcase name="testCrearReserva_PrestamoActivoYaExiste" classname="com.example.biblioteca.ReservaServicioTest" time="0.021">
    <system-out><![CDATA[Hibernate: select u1_0.id,u1_0.apellido,u1_0.cedula,u1_0.email,u1_0.activo,u1_0.nombre,u1_0.password,u1_0.rol,u1_0.telefono,p1_0.usuario_id,p1_0.id,p1_0.estado,p1_0.fecha_adquisicion,p1_0.fecha_devolucion,p1_0.fecha_devolucion_real,rb1_0.codigo_de_barras,rb1_0.calificacion,rb1_0.categoria,rb1_0.coleccion,rb1_0.comentarios,rb1_0.contenido,rb1_0.descripcion,rb1_0.estado,rb1_0.estado_fisico,rb1_0.estante,rb1_0.idioma,rb1_0.isbn,rb1_0.localizacion,rb1_0.notas,rb1_0.publicacion,rb1_0.resumen,rb1_0.signatura_tipografica,rb1_0.tema,rb1_0.tipo_de_publicacion,rb1_0.titulo,p1_0.vencido from usuario u1_0 left join prestamo p1_0 on u1_0.id=p1_0.usuario_id left join recurso_bibliografico rb1_0 on rb1_0.codigo_de_barras=p1_0.recurso_bibliografico_codigo where u1_0.id=?
Hibernate: insert into usuario (apellido,cedula,email,activo,nombre,password,rol,telefono,id) values (?,?,?,?,?,?,?,?,?)
Hibernate: insert into recurso_bibliografico (calificacion,categoria,coleccion,comentarios,contenido,descripcion,estado,estado_fisico,estante,idioma,isbn,localizacion,notas,publicacion,resumen,signatura_tipografica,tema,tipo_de_publicacion,titulo,codigo_de_barras) values (?,?,?,?,?,?,?,?,?,?,?,?,?,?,?,?,?,?,?,?)
Hibernate: select null,u1_0.apellido,u1_0.cedula,u1_0.email,u1_0.activo,u1_0.nombre,u1_0.password,u1_0.rol,u1_0.telefono from usuario u1_0 where u1_0.id=?
Hibernate: insert into prestamo (estado,fecha_adquisicion,fecha_devolucion,fecha_devolucion_real,recurso_bibliografico_codigo,usuario_id,vencido) values (?,?,?,?,?,?,?)
Hibernate: select r1_0.codigo_reserva,r1_0.estado,r1_0.fecha_limite_retiro,r1_0.fecha_reserva,r1_0.posicion_cola,r1_0.codigo_de_barras,r1_0.id_usuario from reserva r1_0 where r1_0.codigo_de_barras=? and r1_0.estado=? and r1_0.id_usuario=?
Hibernate: select p1_0.id,p1_0.estado,p1_0.fecha_adquisicion,p1_0.fecha_devolucion,p1_0.fecha_devolucion_real,p1_0.recurso_bibliografico_codigo,p1_0.usuario_id,p1_0.vencido from prestamo p1_0 where p1_0.recurso_bibliografico_codigo=? and p1_0.usuario_id=? and p1_0.estado=?
]]></system-out>
  </testcase>
</testsuite>